<?xml version="1.0" encoding="UTF-8"?>
<!-- Generated by org.testng.reporters.JUnitReportReporter -->
<testsuite skipped="0" hostname="DESKTOP-NTBS7B9" name="demoqa.com.TestPracticeForm" tests="1" failures="0" timestamp="2021-03-15T16:45:25 CET" time="13.997" errors="0">
  <testcase name="testRegistrationForm" time="13.997" classname="demoqa.com.TestPracticeForm"/>
  <system-out/>
</testsuite> <!-- demoqa.com.TestPracticeForm -->
